{"E:\\Office Work\\src\\components\\SignInForm.jsx": {"path":"E:\\Office Work\\src\\components\\SignInForm.jsx","statementMap":{"0":{"start":{"line":5,"column":19},"end":{"line":156,"column":1}},"1":{"start":{"line":6,"column":19},"end":{"line":6,"column":32}},"2":{"start":{"line":7,"column":29},"end":{"line":7,"column":63}},"3":{"start":{"line":7,"column":52},"end":{"line":7,"column":62}},"4":{"start":{"line":9,"column":26},"end":{"line":9,"column":43}},"5":{"start":{"line":10,"column":28},"end":{"line":10,"column":40}},"6":{"start":{"line":11,"column":34},"end":{"line":11,"column":46}},"7":{"start":{"line":12,"column":42},"end":{"line":12,"column":57}},"8":{"start":{"line":13,"column":36},"end":{"line":13,"column":48}},"9":{"start":{"line":15,"column":23},"end":{"line":31,"column":3}},"10":{"start":{"line":16,"column":4},"end":{"line":16,"column":23}},"11":{"start":{"line":17,"column":4},"end":{"line":17,"column":21}},"12":{"start":{"line":20,"column":4},"end":{"line":23,"column":5}},"13":{"start":{"line":21,"column":6},"end":{"line":21,"column":44}},"14":{"start":{"line":22,"column":6},"end":{"line":22,"column":13}},"15":{"start":{"line":24,"column":4},"end":{"line":27,"column":5}},"16":{"start":{"line":25,"column":6},"end":{"line":25,"column":63}},"17":{"start":{"line":26,"column":6},"end":{"line":26,"column":13}},"18":{"start":{"line":30,"column":4},"end":{"line":30,"column":51}},"19":{"start":{"line":34,"column":26},"end":{"line":44,"column":3}},"20":{"start":{"line":35,"column":4},"end":{"line":35,"column":28}},"21":{"start":{"line":35,"column":16},"end":{"line":35,"column":28}},"22":{"start":{"line":37,"column":4},"end":{"line":42,"column":5}},"23":{"start":{"line":41,"column":6},"end":{"line":41,"column":31}},"24":{"start":{"line":43,"column":4},"end":{"line":43,"column":43}},"25":{"start":{"line":46,"column":2},"end":{"line":155,"column":4}},"26":{"start":{"line":68,"column":33},"end":{"line":68,"column":49}},"27":{"start":{"line":77,"column":33},"end":{"line":77,"column":51}},"28":{"start":{"line":93,"column":35},"end":{"line":93,"column":59}},"29":{"start":{"line":107,"column":35},"end":{"line":107,"column":62}},"30":{"start":{"line":114,"column":33},"end":{"line":114,"column":63}}},"fnMap":{"0":{"name":"(anonymous_0)","decl":{"start":{"line":5,"column":19},"end":{"line":5,"column":20}},"loc":{"start":{"line":5,"column":25},"end":{"line":156,"column":1}},"line":5},"1":{"name":"(anonymous_1)","decl":{"start":{"line":7,"column":41},"end":{"line":7,"column":42}},"loc":{"start":{"line":7,"column":52},"end":{"line":7,"column":62}},"line":7},"2":{"name":"(anonymous_2)","decl":{"start":{"line":15,"column":23},"end":{"line":15,"column":24}},"loc":{"start":{"line":15,"column":30},"end":{"line":31,"column":3}},"line":15},"3":{"name":"(anonymous_3)","decl":{"start":{"line":34,"column":26},"end":{"line":34,"column":27}},"loc":{"start":{"line":34,"column":32},"end":{"line":44,"column":3}},"line":34},"4":{"name":"(anonymous_4)","decl":{"start":{"line":68,"column":27},"end":{"line":68,"column":28}},"loc":{"start":{"line":68,"column":33},"end":{"line":68,"column":49}},"line":68},"5":{"name":"(anonymous_5)","decl":{"start":{"line":77,"column":27},"end":{"line":77,"column":28}},"loc":{"start":{"line":77,"column":33},"end":{"line":77,"column":51}},"line":77},"6":{"name":"(anonymous_6)","decl":{"start":{"line":93,"column":28},"end":{"line":93,"column":29}},"loc":{"start":{"line":93,"column":35},"end":{"line":93,"column":59}},"line":93},"7":{"name":"(anonymous_7)","decl":{"start":{"line":107,"column":28},"end":{"line":107,"column":29}},"loc":{"start":{"line":107,"column":35},"end":{"line":107,"column":62}},"line":107},"8":{"name":"(anonymous_8)","decl":{"start":{"line":114,"column":27},"end":{"line":114,"column":28}},"loc":{"start":{"line":114,"column":33},"end":{"line":114,"column":63}},"line":114}},"branchMap":{"0":{"loc":{"start":{"line":20,"column":4},"end":{"line":23,"column":5}},"type":"if","locations":[{"start":{"line":20,"column":4},"end":{"line":23,"column":5}},{"start":{},"end":{}}],"line":20},"1":{"loc":{"start":{"line":24,"column":4},"end":{"line":27,"column":5}},"type":"if","locations":[{"start":{"line":24,"column":4},"end":{"line":27,"column":5}},{"start":{},"end":{}}],"line":24},"2":{"loc":{"start":{"line":24,"column":8},"end":{"line":24,"column":41}},"type":"binary-expr","locations":[{"start":{"line":24,"column":8},"end":{"line":24,"column":21}},{"start":{"line":24,"column":25},"end":{"line":24,"column":41}}],"line":24},"3":{"loc":{"start":{"line":35,"column":4},"end":{"line":35,"column":28}},"type":"if","locations":[{"start":{"line":35,"column":4},"end":{"line":35,"column":28}},{"start":{},"end":{}}],"line":35},"4":{"loc":{"start":{"line":37,"column":4},"end":{"line":42,"column":5}},"type":"if","locations":[{"start":{"line":37,"column":4},"end":{"line":42,"column":5}},{"start":{},"end":{}}],"line":37},"5":{"loc":{"start":{"line":38,"column":6},"end":{"line":39,"column":45}},"type":"binary-expr","locations":[{"start":{"line":38,"column":6},"end":{"line":38,"column":48}},{"start":{"line":39,"column":6},"end":{"line":39,"column":45}}],"line":38},"6":{"loc":{"start":{"line":43,"column":11},"end":{"line":43,"column":42}},"type":"binary-expr","locations":[{"start":{"line":43,"column":11},"end":{"line":43,"column":24}},{"start":{"line":43,"column":28},"end":{"line":43,"column":42}}],"line":43},"7":{"loc":{"start":{"line":66,"column":20},"end":{"line":66,"column":52}},"type":"cond-expr","locations":[{"start":{"line":66,"column":39},"end":{"line":66,"column":47}},{"start":{"line":66,"column":50},"end":{"line":66,"column":52}}],"line":66},"8":{"loc":{"start":{"line":75,"column":20},"end":{"line":75,"column":54}},"type":"cond-expr","locations":[{"start":{"line":75,"column":41},"end":{"line":75,"column":49}},{"start":{"line":75,"column":52},"end":{"line":75,"column":54}}],"line":75},"9":{"loc":{"start":{"line":102,"column":24},"end":{"line":102,"column":58}},"type":"cond-expr","locations":[{"start":{"line":102,"column":39},"end":{"line":102,"column":45}},{"start":{"line":102,"column":48},"end":{"line":102,"column":58}}],"line":102},"10":{"loc":{"start":{"line":117,"column":19},"end":{"line":121,"column":19}},"type":"cond-expr","locations":[{"start":{"line":118,"column":20},"end":{"line":118,"column":59}},{"start":{"line":120,"column":20},"end":{"line":120,"column":53}}],"line":117},"11":{"loc":{"start":{"line":131,"column":17},"end":{"line":138,"column":17}},"type":"cond-expr","locations":[{"start":{"line":132,"column":18},"end":{"line":135,"column":21}},{"start":{"line":137,"column":18},"end":{"line":137,"column":27}}],"line":131},"12":{"loc":{"start":{"line":142,"column":15},"end":{"line":144,"column":15}},"type":"binary-expr","locations":[{"start":{"line":142,"column":15},"end":{"line":142,"column":24}},{"start":{"line":143,"column":16},"end":{"line":143,"column":79}}],"line":142},"13":{"loc":{"start":{"line":145,"column":15},"end":{"line":149,"column":15}},"type":"binary-expr","locations":[{"start":{"line":145,"column":15},"end":{"line":145,"column":20}},{"start":{"line":146,"column":16},"end":{"line":148,"column":22}}],"line":145}},"s":{"0":1,"1":11,"2":11,"3":18,"4":11,"5":11,"6":11,"7":11,"8":11,"9":11,"10":0,"11":0,"12":0,"13":0,"14":0,"15":0,"16":0,"17":0,"18":0,"19":11,"20":0,"21":0,"22":0,"23":0,"24":0,"25":11,"26":1,"27":1,"28":0,"29":0,"30":2},"f":{"0":11,"1":18,"2":0,"3":0,"4":1,"5":1,"6":0,"7":0,"8":2},"b":{"0":[0,0],"1":[0,0],"2":[0,0],"3":[0,0],"4":[0,0],"5":[0,0],"6":[0,0],"7":[10,1],"8":[1,10],"9":[1,10],"10":[1,10],"11":[0,11],"12":[11,0],"13":[11,0]},"_coverageSchema":"1a1c01bbd47fc00a2c39e90264f33305004495a9","hash":"d02f1fcec1f28dd11c2e3ee5a4aea1c057a60351"}
,"E:\\Office Work\\src\\features\\auth\\authSlice.js": {"path":"E:\\Office Work\\src\\features\\auth\\authSlice.js","statementMap":{"0":{"start":{"line":5,"column":25},"end":{"line":26,"column":1}},"1":{"start":{"line":8,"column":4},"end":{"line":24,"column":5}},"2":{"start":{"line":9,"column":23},"end":{"line":16,"column":7}},"3":{"start":{"line":17,"column":6},"end":{"line":17,"column":27}},"4":{"start":{"line":20,"column":6},"end":{"line":22,"column":7}},"5":{"start":{"line":21,"column":8},"end":{"line":21,"column":86}},"6":{"start":{"line":23,"column":6},"end":{"line":23,"column":50}},"7":{"start":{"line":28,"column":18},"end":{"line":53,"column":2}},"8":{"start":{"line":38,"column":4},"end":{"line":51,"column":9}},"9":{"start":{"line":40,"column":8},"end":{"line":40,"column":29}},"10":{"start":{"line":41,"column":8},"end":{"line":41,"column":27}},"11":{"start":{"line":44,"column":8},"end":{"line":44,"column":30}},"12":{"start":{"line":45,"column":8},"end":{"line":45,"column":49}},"13":{"start":{"line":46,"column":8},"end":{"line":46,"column":51}},"14":{"start":{"line":49,"column":8},"end":{"line":49,"column":30}},"15":{"start":{"line":50,"column":8},"end":{"line":50,"column":37}}},"fnMap":{"0":{"name":"(anonymous_0)","decl":{"start":{"line":7,"column":2},"end":{"line":7,"column":3}},"loc":{"start":{"line":7,"column":60},"end":{"line":25,"column":3}},"line":7},"1":{"name":"(anonymous_1)","decl":{"start":{"line":37,"column":17},"end":{"line":37,"column":18}},"loc":{"start":{"line":37,"column":30},"end":{"line":52,"column":3}},"line":37},"2":{"name":"(anonymous_2)","decl":{"start":{"line":39,"column":34},"end":{"line":39,"column":35}},"loc":{"start":{"line":39,"column":45},"end":{"line":42,"column":7}},"line":39},"3":{"name":"(anonymous_3)","decl":{"start":{"line":43,"column":36},"end":{"line":43,"column":37}},"loc":{"start":{"line":43,"column":55},"end":{"line":47,"column":7}},"line":43},"4":{"name":"(anonymous_4)","decl":{"start":{"line":48,"column":35},"end":{"line":48,"column":36}},"loc":{"start":{"line":48,"column":54},"end":{"line":51,"column":7}},"line":48}},"branchMap":{"0":{"loc":{"start":{"line":20,"column":6},"end":{"line":22,"column":7}},"type":"if","locations":[{"start":{"line":20,"column":6},"end":{"line":22,"column":7}},{"start":{},"end":{}}],"line":20},"1":{"loc":{"start":{"line":45,"column":21},"end":{"line":45,"column":48}},"type":"binary-expr","locations":[{"start":{"line":45,"column":21},"end":{"line":45,"column":40}},{"start":{"line":45,"column":44},"end":{"line":45,"column":48}}],"line":45},"2":{"loc":{"start":{"line":46,"column":22},"end":{"line":46,"column":50}},"type":"binary-expr","locations":[{"start":{"line":46,"column":22},"end":{"line":46,"column":42}},{"start":{"line":46,"column":46},"end":{"line":46,"column":50}}],"line":46}},"s":{"0":1,"1":0,"2":0,"3":0,"4":0,"5":0,"6":0,"7":1,"8":1,"9":0,"10":0,"11":0,"12":0,"13":0,"14":0,"15":0},"f":{"0":0,"1":1,"2":0,"3":0,"4":0},"b":{"0":[0,0],"1":[0,0],"2":[0,0]},"_coverageSchema":"1a1c01bbd47fc00a2c39e90264f33305004495a9","hash":"fddfb5efe83ee2405e864db0ed75a1be589537f5"}
}
