TN:
SF:src\components\SignInForm.jsx
FN:5,(anonymous_0)
FN:7,(anonymous_1)
FN:15,(anonymous_2)
FN:34,(anonymous_3)
FN:68,(anonymous_4)
FN:77,(anonymous_5)
FN:93,(anonymous_6)
FN:107,(anonymous_7)
FN:114,(anonymous_8)
FNF:9
FNH:5
FNDA:11,(anonymous_0)
FNDA:18,(anonymous_1)
FNDA:0,(anonymous_2)
FNDA:0,(anonymous_3)
FNDA:1,(anonymous_4)
FNDA:1,(anonymous_5)
FNDA:0,(anonymous_6)
FNDA:0,(anonymous_7)
FNDA:2,(anonymous_8)
DA:5,1
DA:6,11
DA:7,18
DA:9,11
DA:10,11
DA:11,11
DA:12,11
DA:13,11
DA:15,11
DA:16,0
DA:17,0
DA:20,0
DA:21,0
DA:22,0
DA:24,0
DA:25,0
DA:26,0
DA:30,0
DA:34,11
DA:35,0
DA:37,0
DA:41,0
DA:43,0
DA:46,11
DA:68,1
DA:77,1
DA:93,0
DA:107,0
DA:114,2
LF:29
LH:14
BRDA:20,0,0,0
BRDA:20,0,1,0
BRDA:24,1,0,0
BRDA:24,1,1,0
BRDA:24,2,0,0
BRDA:24,2,1,0
BRDA:35,3,0,0
BRDA:35,3,1,0
BRDA:37,4,0,0
BRDA:37,4,1,0
BRDA:38,5,0,0
BRDA:38,5,1,0
BRDA:43,6,0,0
BRDA:43,6,1,0
BRDA:66,7,0,10
BRDA:66,7,1,1
BRDA:75,8,0,1
BRDA:75,8,1,10
BRDA:102,9,0,1
BRDA:102,9,1,10
BRDA:117,10,0,1
BRDA:117,10,1,10
BRDA:131,11,0,0
BRDA:131,11,1,11
BRDA:142,12,0,11
BRDA:142,12,1,0
BRDA:145,13,0,11
BRDA:145,13,1,0
BRF:28
BRH:11
end_of_record
TN:
SF:src\features\auth\authSlice.js
FN:7,(anonymous_0)
FN:37,(anonymous_1)
FN:39,(anonymous_2)
FN:43,(anonymous_3)
FN:48,(anonymous_4)
FNF:5
FNH:1
FNDA:0,(anonymous_0)
FNDA:1,(anonymous_1)
FNDA:0,(anonymous_2)
FNDA:0,(anonymous_3)
FNDA:0,(anonymous_4)
DA:5,1
DA:8,0
DA:9,0
DA:17,0
DA:20,0
DA:21,0
DA:23,0
DA:28,1
DA:38,1
DA:40,0
DA:41,0
DA:44,0
DA:45,0
DA:46,0
DA:49,0
DA:50,0
LF:16
LH:3
BRDA:20,0,0,0
BRDA:20,0,1,0
BRDA:45,1,0,0
BRDA:45,1,1,0
BRDA:46,2,0,0
BRDA:46,2,1,0
BRF:6
BRH:0
end_of_record
